<?xml version="1.0" encoding="UTF-8"?>
<testng-results ignored="0" total="2" passed="2" failed="0" skipped="0">
  <reporter-output>
  </reporter-output>
  <suite started-at="2022-03-12T17:17:35 IST" name="Default suite" finished-at="2022-03-12T17:17:49 IST" duration-ms="14007">
    <groups>
    </groups>
    <test started-at="2022-03-12T17:17:35 IST" name="Default test" finished-at="2022-03-12T17:17:49 IST" duration-ms="14007">
      <class name="Test_Cases.Login_Test1">
        <test-method signature="Login_Test(java.lang.String,java.lang.String)[pri:0, instance:Test_Cases.Login_Test1@d5b810e]" started-at="2022-03-12T17:17:35 IST" name="Login_Test" data-provider="getData" finished-at="2022-03-12T17:17:44 IST" duration-ms="9765" status="PASS">
          <params>
            <param index="0">
              <value>
                <![CDATA[Test1]]>
              </value>
            </param>
            <param index="1">
              <value>
                <![CDATA[Pass1]]>
              </value>
            </param>
          </params>
          <reporter-output>
          </reporter-output>
        </test-method> <!-- Login_Test -->
        <test-method signature="Login_Test(java.lang.String,java.lang.String)[pri:0, instance:Test_Cases.Login_Test1@d5b810e]" started-at="2022-03-12T17:17:44 IST" name="Login_Test" data-provider="getData" finished-at="2022-03-12T17:17:49 IST" duration-ms="4167" status="PASS">
          <params>
            <param index="0">
              <value>
                <![CDATA[Test1]]>
              </value>
            </param>
            <param index="1">
              <value>
                <![CDATA[Pass2]]>
              </value>
            </param>
          </params>
          <reporter-output>
          </reporter-output>
        </test-method> <!-- Login_Test -->
      </class> <!-- Test_Cases.Login_Test1 -->
    </test> <!-- Default test -->
  </suite> <!-- Default suite -->
</testng-results>
